\BOOKMARK [0][-]{chapter.1}{Introduzione}{}% 1
\BOOKMARK [1][-]{section.1.1}{Il Progetto}{chapter.1}% 2
\BOOKMARK [1][-]{section.1.2}{Il Team}{chapter.1}% 3
\BOOKMARK [0][-]{chapter.2}{Strumenti tecnico-organizzativi}{}% 4
\BOOKMARK [1][-]{section.2.1}{GANTT e cronoprogramma}{chapter.2}% 5
\BOOKMARK [1][-]{section.2.2}{Strumenti di comunicazione}{chapter.2}% 6
\BOOKMARK [1][-]{section.2.3}{Organizzazione codice}{chapter.2}% 7
\BOOKMARK [1][-]{section.2.4}{Strumenti di scrittura}{chapter.2}% 8
\BOOKMARK [0][-]{chapter.3}{Componenti e architettura}{}% 9
\BOOKMARK [1][-]{section.3.1}{In generale}{chapter.3}% 10
\BOOKMARK [2][-]{subsection.3.1.1}{Microsoft Azure}{section.3.1}% 11
\BOOKMARK [2][-]{subsection.3.1.2}{nopCommerce}{section.3.1}% 12
\BOOKMARK [1][-]{section.3.2}{Architettura di rete}{chapter.3}% 13
\BOOKMARK [1][-]{section.3.3}{Organizzazione container}{chapter.3}% 14
\BOOKMARK [0][-]{chapter.4}{Processo di implementazione}{}% 15
\BOOKMARK [1][-]{section.4.1}{Brainstorming e ricerca}{chapter.4}% 16
\BOOKMARK [1][-]{section.4.2}{Prototipazione e scripting}{chapter.4}% 17
\BOOKMARK [1][-]{section.4.3}{Implementazione locale}{chapter.4}% 18
\BOOKMARK [1][-]{section.4.4}{Implementazione remota}{chapter.4}% 19
\BOOKMARK [1][-]{section.4.5}{Test di sicurezza}{chapter.4}% 20
\BOOKMARK [0][-]{chapter.5}{Penetration testing}{}% 21
\BOOKMARK [0][-]{chapter.6}{Le premesse}{}% 22
\BOOKMARK [0][-]{chapter.7}{Information gathering}{}% 23
